<?xml version="1.0" encoding="UTF-8"?>
<!-- Generated by org.testng.reporters.JUnitReportReporter -->
<testsuite name="com.company.freecrm.testlogin.TC001_VerifyLoginPage" tests="1" time="105.176" ignored="0" failures="0" timestamp="03 Dec 2017 16:53:42 GMT" skipped="0" hostname="Yasir-PC" errors="0">
  <testcase name="verifyLogin" time="105.176" classname="com.company.freecrm.testlogin.TC001_VerifyLoginPage"/>
</testsuite> <!-- com.company.freecrm.testlogin.TC001_VerifyLoginPage -->
