<?xml version="1.0" encoding="UTF-8"?>
<!-- Generated by org.testng.reporters.JUnitReportReporter -->
<testsuite name="com.company.freecrm.testcases.TC002_VerifyNewContacts" tests="1" time="45.279" ignored="0" failures="0" timestamp="22 Dec 2017 21:09:19 GMT" skipped="0" hostname="Yasir-PC" errors="0">
  <testcase name="verifyNewContacts" time="45.279" classname="com.company.freecrm.testcases.TC002_VerifyNewContacts"/>
</testsuite> <!-- com.company.freecrm.testcases.TC002_VerifyNewContacts -->
