<?xml version="1.0" encoding="UTF-8"?>
<!-- Generated by org.testng.reporters.JUnitReportReporter -->
<testsuite name="com.company.freecrm.testcases.TC001_VerifyLoginPage" tests="4" time="112.791" ignored="0" failures="0" timestamp="25 Dec 2017 00:27:32 GMT" skipped="0" hostname="Yasir-PC" errors="0">
  <testcase name="verifyLoginWithValidCredencials" time="24.813" classname="com.company.freecrm.testcases.TC001_VerifyLoginPage"/>
  <testcase name="verifyLoginWithValidCredencials" time="33.575" classname="com.company.freecrm.testcases.TC001_VerifyLoginPage"/>
  <testcase name="verifyLoginWithValidCredencials" time="23.875" classname="com.company.freecrm.testcases.TC001_VerifyLoginPage"/>
  <testcase name="verifyLoginWithValidCredencials" time="30.528" classname="com.company.freecrm.testcases.TC001_VerifyLoginPage"/>
</testsuite> <!-- com.company.freecrm.testcases.TC001_VerifyLoginPage -->
